<?xml version="1.0" encoding="UTF-8"?>
<!-- Generated by org.testng.reporters.JUnitXMLReporter -->
<testsuite ignored="0" hostname="LAPTOP-N1FNJ9SA" failures="1" tests="1" name="Test" time="108.425" errors="0" timestamp="2025-02-13T22:07:26 IST">
  <testcase classname="testCasess.RegistrationTestCase" name="Registration" time="12.43">
    <failure type="java.lang.AssertionError" message="null">
      <![CDATA[java.lang.AssertionError: null
at testCasess.RegistrationTestCase.Registration(RegistrationTestCase.java:51)
at java.base/java.util.ArrayList.forEach(ArrayList.java:1596)
... Removed 27 stack frames]]>
    </failure>
  </testcase> <!-- Registration -->
</testsuite> <!-- Test -->
